Watching for file changes with StatReloader
Performing system checks...

System check identified some issues:

WARNINGS:
todos.Todo: (models.W042) Auto-created primary key used when not defining a primary key type, by default 'django.db.models.AutoField'.
	HINT: Configure the DEFAULT_AUTO_FIELD setting or the TodosConfig.default_auto_field attribute to point to a subclass of AutoField, e.g. 'django.db.models.BigAutoField'.

System check identified 1 issue (0 silenced).
November 03, 2022 - 17:37:20
Django version 4.1.3, using settings 'todoApp.settings'
Starting development server at http://0.0.0.0:8000/
Quit the server with CONTROL-C.
Watching for file changes with StatReloader
Performing system checks...

System check identified some issues:

WARNINGS:
todos.Todo: (models.W042) Auto-created primary key used when not defining a primary key type, by default 'django.db.models.AutoField'.
	HINT: Configure the DEFAULT_AUTO_FIELD setting or the TodosConfig.default_auto_field attribute to point to a subclass of AutoField, e.g. 'django.db.models.BigAutoField'.

System check identified 1 issue (0 silenced).
November 03, 2022 - 17:37:54
Django version 4.1.3, using settings 'todoApp.settings'
Starting development server at http://0.0.0.0:8000/
Quit the server with CONTROL-C.
[03/Nov/2022 17:38:38] "POST /todos/22/update HTTP/1.1" 302 0
[03/Nov/2022 17:38:39] "GET /todos/ HTTP/1.1" 200 4141
[03/Nov/2022 17:38:42] "POST /todos/add/ HTTP/1.1" 302 0
[03/Nov/2022 17:38:42] "GET /todos/ HTTP/1.1" 200 4718
[03/Nov/2022 17:38:44] "GET /todos/23/delete HTTP/1.1" 302 0
[03/Nov/2022 17:38:44] "GET /todos/ HTTP/1.1" 200 4141
